rticplc.c:1: error: stray '\357' in program
rticplc.c:1: error: stray '\273' in program
rticplc.c:1: error: stray '\277' in program
rticplc.c:1: error: stray '#' in program
rticplc.c:1: error: expected '=', ',', ';', 'asm' or '__attribute__' before '<' token
In file included from /usr/local/bin/../lib/gcc/powerpc-405-linux-gnu/4.2.2/../../../../powerpc-405-linux-gnu/sys-include/_G_config.h:44,
                 from /usr/local/bin/../lib/gcc/powerpc-405-linux-gnu/4.2.2/../../../../powerpc-405-linux-gnu/sys-include/libio.h:32,
                 from /usr/local/bin/../lib/gcc/powerpc-405-linux-gnu/4.2.2/../../../../powerpc-405-linux-gnu/sys-include/stdio.h:72,
                 from rticplc.c:2:
/usr/local/bin/../lib/gcc/powerpc-405-linux-gnu/4.2.2/../../../../powerpc-405-linux-gnu/sys-include/gconv.h:72: error: expected declaration specifiers or '...' before 'size_t'
/usr/local/bin/../lib/gcc/powerpc-405-linux-gnu/4.2.2/../../../../powerpc-405-linux-gnu/sys-include/gconv.h:88: error: expected declaration specifiers or '...' before 'size_t'
/usr/local/bin/../lib/gcc/powerpc-405-linux-gnu/4.2.2/../../../../powerpc-405-linux-gnu/sys-include/gconv.h:97: error: expected declaration specifiers or '...' before 'size_t'
/usr/local/bin/../lib/gcc/powerpc-405-linux-gnu/4.2.2/../../../../powerpc-405-linux-gnu/sys-include/gconv.h:174: error: expected specifier-qualifier-list before 'size_t'
In file included from /usr/local/bin/../lib/gcc/powerpc-405-linux-gnu/4.2.2/../../../../powerpc-405-linux-gnu/sys-include/stdio.h:72,
                 from rticplc.c:2:
/usr/local/bin/../lib/gcc/powerpc-405-linux-gnu/4.2.2/../../../../powerpc-405-linux-gnu/sys-include/libio.h:354: error: expected declaration specifiers or '...' before 'size_t'
/usr/local/bin/../lib/gcc/powerpc-405-linux-gnu/4.2.2/../../../../powerpc-405-linux-gnu/sys-include/libio.h:363: error: expected declaration specifiers or '...' before 'size_t'
/usr/local/bin/../lib/gcc/powerpc-405-linux-gnu/4.2.2/../../../../powerpc-405-linux-gnu/sys-include/libio.h:479: error: expected '=', ',', ';', 'asm' or '__attribute__' before '_IO_sgetn'
In file included from rticplc.c:2:
/usr/local/bin/../lib/gcc/powerpc-405-linux-gnu/4.2.2/../../../../powerpc-405-linux-gnu/sys-include/stdio.h:302: error: expected declaration specifiers or '...' before 'size_t'
/usr/local/bin/../lib/gcc/powerpc-405-linux-gnu/4.2.2/../../../../powerpc-405-linux-gnu/sys-include/stdio.h:309: error: expected declaration specifiers or '...' before 'size_t'
/usr/local/bin/../lib/gcc/powerpc-405-linux-gnu/4.2.2/../../../../powerpc-405-linux-gnu/sys-include/stdio.h:351: error: expected declaration specifiers or '...' before 'size_t'
/usr/local/bin/../lib/gcc/powerpc-405-linux-gnu/4.2.2/../../../../powerpc-405-linux-gnu/sys-include/stdio.h:353: error: format string argument not a string type
/usr/local/bin/../lib/gcc/powerpc-405-linux-gnu/4.2.2/../../../../powerpc-405-linux-gnu/sys-include/stdio.h:355: error: expected declaration specifiers or '...' before 'size_t'
/usr/local/bin/../lib/gcc/powerpc-405-linux-gnu/4.2.2/../../../../powerpc-405-linux-gnu/sys-include/stdio.h:357: error: format string argument not a string type
/usr/local/bin/../lib/gcc/powerpc-405-linux-gnu/4.2.2/../../../../powerpc-405-linux-gnu/sys-include/stdio.h:603: error: expected '=', ',', ';', 'asm' or '__attribute__' before 'fread'
/usr/local/bin/../lib/gcc/powerpc-405-linux-gnu/4.2.2/../../../../powerpc-405-linux-gnu/sys-include/stdio.h:609: error: expected '=', ',', ';', 'asm' or '__attribute__' before 'fwrite'
/usr/local/bin/../lib/gcc/powerpc-405-linux-gnu/4.2.2/../../../../powerpc-405-linux-gnu/sys-include/stdio.h:631: error: expected '=', ',', ';', 'asm' or '__attribute__' before 'fread_unlocked'
/usr/local/bin/../lib/gcc/powerpc-405-linux-gnu/4.2.2/../../../../powerpc-405-linux-gnu/sys-include/stdio.h:633: error: expected '=', ',', ';', 'asm' or '__attribute__' before 'fwrite_unlocked'
In file included from /usr/local/bin/../lib/gcc/powerpc-405-linux-gnu/4.2.2/../../../../powerpc-405-linux-gnu/sys-include/sys/types.h:266,
                 from /usr/local/bin/../lib/gcc/powerpc-405-linux-gnu/4.2.2/../../../../powerpc-405-linux-gnu/sys-include/semaphore.h:19,
                 from /usr/local/dtlibs/rtpmac/RtGpShm.h:66,
                 from rticplc.c:13:
/usr/local/bin/../lib/gcc/powerpc-405-linux-gnu/4.2.2/../../../../powerpc-405-linux-gnu/sys-include/bits/pthreadtypes.h:48: error: expected specifier-qualifier-list before 'size_t'
In file included from /usr/local/bin/../lib/gcc/powerpc-405-linux-gnu/4.2.2/../../../../powerpc-405-linux-gnu/sys-include/pthread.h:21,
                 from /usr/local/dtlibs/rtpmac/RtGpShm.h:67,
                 from rticplc.c:13:
/usr/local/bin/../lib/gcc/powerpc-405-linux-gnu/4.2.2/../../../../powerpc-405-linux-gnu/sys-include/time.h:197: error: expected '=', ',', ';', 'asm' or '__attribute__' before 'strftime'
In file included from /usr/local/dtlibs/rtpmac/RtGpShm.h:67,
                 from rticplc.c:13:
/usr/local/bin/../lib/gcc/powerpc-405-linux-gnu/4.2.2/../../../../powerpc-405-linux-gnu/sys-include/pthread.h:284: error: expected declaration specifiers or '...' before 'size_t'
/usr/local/bin/../lib/gcc/powerpc-405-linux-gnu/4.2.2/../../../../powerpc-405-linux-gnu/sys-include/pthread.h:288: error: expected declaration specifiers or '...' before 'size_t'
In file included from /usr/local/dtlibs/libopener/networkhandler.h:10,
                 from /usr/local/dtlibs/libopener/ciptypes.h:10,
                 from /usr/local/dtlibs/libopener/cipcommon.h:14,
                 from /usr/local/dtlibs/rtpmac/../libppmac/ethernetip.h:14,
                 from /usr/local/dtlibs/rtpmac/RtGpShm.h:82,
                 from rticplc.c:13:
/usr/local/bin/../lib/gcc/powerpc-405-linux-gnu/4.2.2/../../../../powerpc-405-linux-gnu/sys-include/string.h:39: error: expected declaration specifiers or '...' before 'size_t'
/usr/local/bin/../lib/gcc/powerpc-405-linux-gnu/4.2.2/../../../../powerpc-405-linux-gnu/sys-include/string.h:43: error: expected declaration specifiers or '...' before 'size_t'
/usr/local/bin/../lib/gcc/powerpc-405-linux-gnu/4.2.2/../../../../powerpc-405-linux-gnu/sys-include/string.h:52: error: expected declaration specifiers or '...' before 'size_t'
/usr/local/bin/../lib/gcc/powerpc-405-linux-gnu/4.2.2/../../../../powerpc-405-linux-gnu/sys-include/string.h:59: error: expected declaration specifiers or '...' before 'size_t'
/usr/local/bin/../lib/gcc/powerpc-405-linux-gnu/4.2.2/../../../../powerpc-405-linux-gnu/sys-include/string.h:62: error: expected declaration specifiers or '...' before 'size_t'
/usr/local/bin/../lib/gcc/powerpc-405-linux-gnu/4.2.2/../../../../powerpc-405-linux-gnu/sys-include/string.h:66: error: expected declaration specifiers or '...' before 'size_t'
/usr/local/bin/../lib/gcc/powerpc-405-linux-gnu/4.2.2/../../../../powerpc-405-linux-gnu/sys-include/string.h:88: error: expected declaration specifiers or '...' before 'size_t'
/usr/local/bin/../lib/gcc/powerpc-405-linux-gnu/4.2.2/../../../../powerpc-405-linux-gnu/sys-include/string.h:96: error: expected declaration specifiers or '...' before 'size_t'
/usr/local/bin/../lib/gcc/powerpc-405-linux-gnu/4.2.2/../../../../powerpc-405-linux-gnu/sys-include/string.h:102: error: expected declaration specifiers or '...' before 'size_t'
/usr/local/bin/../lib/gcc/powerpc-405-linux-gnu/4.2.2/../../../../powerpc-405-linux-gnu/sys-include/string.h:109: error: expected '=', ',', ';', 'asm' or '__attribute__' before 'strxfrm'
/usr/local/bin/../lib/gcc/powerpc-405-linux-gnu/4.2.2/../../../../powerpc-405-linux-gnu/sys-include/string.h:184: error: expected '=', ',', ';', 'asm' or '__attribute__' before 'strcspn'
/usr/local/bin/../lib/gcc/powerpc-405-linux-gnu/4.2.2/../../../../powerpc-405-linux-gnu/sys-include/string.h:188: error: expected '=', ',', ';', 'asm' or '__attribute__' before 'strspn'
/usr/local/bin/../lib/gcc/powerpc-405-linux-gnu/4.2.2/../../../../powerpc-405-linux-gnu/sys-include/string.h:242: error: expected '=', ',', ';', 'asm' or '__attribute__' before 'strlen'
/usr/local/bin/../lib/gcc/powerpc-405-linux-gnu/4.2.2/../../../../powerpc-405-linux-gnu/sys-include/string.h:281: error: expected declaration specifiers or '...' before 'size_t'
/usr/local/bin/../lib/gcc/powerpc-405-linux-gnu/4.2.2/../../../../powerpc-405-linux-gnu/sys-include/string.h:288: error: expected declaration specifiers or '...' before 'size_t'
/usr/local/bin/../lib/gcc/powerpc-405-linux-gnu/4.2.2/../../../../powerpc-405-linux-gnu/sys-include/string.h:292: error: expected declaration specifiers or '...' before 'size_t'
/usr/local/bin/../lib/gcc/powerpc-405-linux-gnu/4.2.2/../../../../powerpc-405-linux-gnu/sys-include/string.h:296: error: expected declaration specifiers or '...' before 'size_t'
/usr/local/bin/../lib/gcc/powerpc-405-linux-gnu/4.2.2/../../../../powerpc-405-linux-gnu/sys-include/string.h:299: error: expected declaration specifiers or '...' before 'size_t'
/usr/local/bin/../lib/gcc/powerpc-405-linux-gnu/4.2.2/../../../../powerpc-405-linux-gnu/sys-include/string.h:329: error: expected declaration specifiers or '...' before 'size_t'
In file included from /usr/local/bin/../lib/gcc/powerpc-405-linux-gnu/4.2.2/../../../../powerpc-405-linux-gnu/sys-include/sys/uio.h:29,
                 from /usr/local/bin/../lib/gcc/powerpc-405-linux-gnu/4.2.2/../../../../powerpc-405-linux-gnu/sys-include/sys/socket.h:27,
                 from /usr/local/dtlibs/libopener/networkhandler.h:11,
                 from /usr/local/dtlibs/libopener/ciptypes.h:10,
                 from /usr/local/dtlibs/libopener/cipcommon.h:14,
                 from /usr/local/dtlibs/rtpmac/../libppmac/ethernetip.h:14,
                 from /usr/local/dtlibs/rtpmac/RtGpShm.h:82,
                 from rticplc.c:13:
/usr/local/bin/../lib/gcc/powerpc-405-linux-gnu/4.2.2/../../../../powerpc-405-linux-gnu/sys-include/bits/uio.h:45: error: expected specifier-qualifier-list before 'size_t'
In file included from /usr/local/bin/../lib/gcc/powerpc-405-linux-gnu/4.2.2/../../../../powerpc-405-linux-gnu/sys-include/sys/socket.h:35,
                 from /usr/local/dtlibs/libopener/networkhandler.h:11,
                 from /usr/local/dtlibs/libopener/ciptypes.h:10,
                 from /usr/local/dtlibs/libopener/cipcommon.h:14,
                 from /usr/local/dtlibs/rtpmac/../libppmac/ethernetip.h:14,
                 from /usr/local/dtlibs/rtpmac/RtGpShm.h:82,
                 from rticplc.c:13:
/usr/local/bin/../lib/gcc/powerpc-405-linux-gnu/4.2.2/../../../../powerpc-405-linux-gnu/sys-include/bits/socket.h:221: error: expected specifier-qualifier-list before 'size_t'
/usr/local/bin/../lib/gcc/powerpc-405-linux-gnu/4.2.2/../../../../powerpc-405-linux-gnu/sys-include/bits/socket.h:232: error: expected specifier-qualifier-list before 'size_t'
In file included from /usr/local/dtlibs/libopener/networkhandler.h:11,
                 from /usr/local/dtlibs/libopener/ciptypes.h:10,
                 from /usr/local/dtlibs/libopener/cipcommon.h:14,
                 from /usr/local/dtlibs/rtpmac/../libppmac/ethernetip.h:14,
                 from /usr/local/dtlibs/rtpmac/RtGpShm.h:82,
                 from rticplc.c:13:
/usr/local/bin/../lib/gcc/powerpc-405-linux-gnu/4.2.2/../../../../powerpc-405-linux-gnu/sys-include/sys/socket.h:136: error: expected declaration specifiers or '...' before 'size_t'
/usr/local/bin/../lib/gcc/powerpc-405-linux-gnu/4.2.2/../../../../powerpc-405-linux-gnu/sys-include/sys/socket.h:143: error: expected declaration specifiers or '...' before 'size_t'
/usr/local/bin/../lib/gcc/powerpc-405-linux-gnu/4.2.2/../../../../powerpc-405-linux-gnu/sys-include/sys/socket.h:150: error: expected declaration specifiers or '...' before 'size_t'
/usr/local/bin/../lib/gcc/powerpc-405-linux-gnu/4.2.2/../../../../powerpc-405-linux-gnu/sys-include/sys/socket.h:161: error: expected declaration specifiers or '...' before 'size_t'
In file included from /usr/local/dtlibs/rtpmac/../libppmac/ethernetip.h:14,
                 from /usr/local/dtlibs/rtpmac/RtGpShm.h:82,
                 from rticplc.c:13:
/usr/local/dtlibs/libopener/cipcommon.h:80: error: expected '=', ',', ';', 'asm' or '__attribute__' before 'GetSizeOfAttribute'
In file included from /usr/local/dtlibs/libopener/opener_user_conf.h:27,
                 from /usr/local/dtlibs/libopener/opener_api.h:17,
                 from /usr/local/dtlibs/rtpmac/../libppmac/ethernetip.h:15,
                 from /usr/local/dtlibs/rtpmac/RtGpShm.h:82,
                 from rticplc.c:13:
/usr/local/bin/../lib/gcc/powerpc-405-linux-gnu/4.2.2/../../../../powerpc-405-linux-gnu/sys-include/arpa/inet.h:78: error: expected declaration specifiers or '...' before 'size_t'
/usr/local/bin/../lib/gcc/powerpc-405-linux-gnu/4.2.2/../../../../powerpc-405-linux-gnu/sys-include/arpa/inet.h:84: error: expected declaration specifiers or '...' before 'size_t'
/usr/local/bin/../lib/gcc/powerpc-405-linux-gnu/4.2.2/../../../../powerpc-405-linux-gnu/sys-include/arpa/inet.h:90: error: expected declaration specifiers or '...' before 'size_t'
In file included from /usr/local/dtlibs/rtpmac/../libppmac/ethernetip.h:15,
                 from /usr/local/dtlibs/rtpmac/RtGpShm.h:82,
                 from rticplc.c:13:
/usr/local/dtlibs/libopener/opener_api.h:236: error: expected '=', ',', ';', 'asm' or '__attribute__' before 'CalculateIndex'
/usr/local/dtlibs/libopener/opener_api.h:448: error: expected declaration specifiers or '...' before 'size_t'
/usr/local/dtlibs/libopener/opener_api.h:468: error: expected declaration specifiers or '...' before 'size_t'
/usr/local/dtlibs/libopener/opener_api.h:645: error: expected ')' before 'number_of_elements'
In file included from /usr/local/dtlibs/rtpmac/ecrt.h:128,
                 from /usr/local/dtlibs/rtpmac/ethercat.h:2,
                 from /usr/local/dtlibs/rtpmac/RtGpShm.h:84,
                 from rticplc.c:13:
/usr/local/bin/../lib/gcc/powerpc-405-linux-gnu/4.2.2/../../../../powerpc-405-linux-gnu/sys-include/stdlib.h:140: error: expected '=', ',', ';', 'asm' or '__attribute__' before '__ctype_get_mb_cur_max'
/usr/local/bin/../lib/gcc/powerpc-405-linux-gnu/4.2.2/../../../../powerpc-405-linux-gnu/sys-include/stdlib.h:450: error: expected declaration specifiers or '...' before 'size_t'
/usr/local/bin/../lib/gcc/powerpc-405-linux-gnu/4.2.2/../../../../powerpc-405-linux-gnu/sys-include/stdlib.h:480: error: expected declaration specifiers or '...' before 'size_t'
/usr/local/bin/../lib/gcc/powerpc-405-linux-gnu/4.2.2/../../../../powerpc-405-linux-gnu/sys-include/stdlib.h:482: error: nonnull argument with out-of-range operand number (argument 1, operand 4)
/usr/local/bin/../lib/gcc/powerpc-405-linux-gnu/4.2.2/../../../../powerpc-405-linux-gnu/sys-include/stdlib.h:584: error: expected ')' before '__size'
/usr/local/bin/../lib/gcc/powerpc-405-linux-gnu/4.2.2/../../../../powerpc-405-linux-gnu/sys-include/stdlib.h:586: error: expected ')' before '__nmemb'
/usr/local/bin/../lib/gcc/powerpc-405-linux-gnu/4.2.2/../../../../powerpc-405-linux-gnu/sys-include/stdlib.h:595: error: expected declaration specifiers or '...' before 'size_t'
In file included from /usr/local/bin/../lib/gcc/powerpc-405-linux-gnu/4.2.2/../../../../powerpc-405-linux-gnu/sys-include/stdlib.h:606,
                 from /usr/local/dtlibs/rtpmac/ecrt.h:128,
                 from /usr/local/dtlibs/rtpmac/ethercat.h:2,
                 from /usr/local/dtlibs/rtpmac/RtGpShm.h:84,
                 from rticplc.c:13:
/usr/local/bin/../lib/gcc/powerpc-405-linux-gnu/4.2.2/../../../../powerpc-405-linux-gnu/sys-include/alloca.h:33: error: expected ')' before '__size'
In file included from /usr/local/dtlibs/rtpmac/ecrt.h:128,
                 from /usr/local/dtlibs/rtpmac/ethercat.h:2,
                 from /usr/local/dtlibs/rtpmac/RtGpShm.h:84,
                 from rticplc.c:13:
/usr/local/bin/../lib/gcc/powerpc-405-linux-gnu/4.2.2/../../../../powerpc-405-linux-gnu/sys-include/stdlib.h:611: error: expected ')' before '__size'
/usr/local/bin/../lib/gcc/powerpc-405-linux-gnu/4.2.2/../../../../powerpc-405-linux-gnu/sys-include/stdlib.h:768: error: expected declaration specifiers or '...' before 'size_t'
/usr/local/bin/../lib/gcc/powerpc-405-linux-gnu/4.2.2/../../../../powerpc-405-linux-gnu/sys-include/stdlib.h:768: error: expected declaration specifiers or '...' before 'size_t'
/usr/local/bin/../lib/gcc/powerpc-405-linux-gnu/4.2.2/../../../../powerpc-405-linux-gnu/sys-include/stdlib.h:769: error: nonnull argument with out-of-range operand number (argument 1, operand 5)
/usr/local/bin/../lib/gcc/powerpc-405-linux-gnu/4.2.2/../../../../powerpc-405-linux-gnu/sys-include/stdlib.h:773: error: expected declaration specifiers or '...' before 'size_t'
/usr/local/bin/../lib/gcc/powerpc-405-linux-gnu/4.2.2/../../../../powerpc-405-linux-gnu/sys-include/stdlib.h:773: error: expected declaration specifiers or '...' before 'size_t'
/usr/local/bin/../lib/gcc/powerpc-405-linux-gnu/4.2.2/../../../../powerpc-405-linux-gnu/sys-include/stdlib.h:774: error: nonnull argument with out-of-range operand number (argument 1, operand 4)
/usr/local/bin/../lib/gcc/powerpc-405-linux-gnu/4.2.2/../../../../powerpc-405-linux-gnu/sys-include/stdlib.h:846: error: expected declaration specifiers or '...' before 'size_t'
/usr/local/bin/../lib/gcc/powerpc-405-linux-gnu/4.2.2/../../../../powerpc-405-linux-gnu/sys-include/stdlib.h:849: error: expected declaration specifiers or '...' before 'size_t'
/usr/local/bin/../lib/gcc/powerpc-405-linux-gnu/4.2.2/../../../../powerpc-405-linux-gnu/sys-include/stdlib.h:853: error: expected declaration specifiers or '...' before 'size_t'
/usr/local/bin/../lib/gcc/powerpc-405-linux-gnu/4.2.2/../../../../powerpc-405-linux-gnu/sys-include/stdlib.h:857: error: expected declaration specifiers or '...' before 'size_t'
/usr/local/bin/../lib/gcc/powerpc-405-linux-gnu/4.2.2/../../../../powerpc-405-linux-gnu/sys-include/stdlib.h:866: error: expected declaration specifiers or '...' before 'size_t'
/usr/local/bin/../lib/gcc/powerpc-405-linux-gnu/4.2.2/../../../../powerpc-405-linux-gnu/sys-include/stdlib.h:870: error: expected declaration specifiers or '...' before 'size_t'
/usr/local/bin/../lib/gcc/powerpc-405-linux-gnu/4.2.2/../../../../powerpc-405-linux-gnu/sys-include/stdlib.h:877: error: expected '=', ',', ';', 'asm' or '__attribute__' before 'mbstowcs'
/usr/local/bin/../lib/gcc/powerpc-405-linux-gnu/4.2.2/../../../../powerpc-405-linux-gnu/sys-include/stdlib.h:880: error: expected '=', ',', ';', 'asm' or '__attribute__' before 'wcstombs'
In file included from /usr/local/dtlibs/rtpmac/ethercat.h:2,
                 from /usr/local/dtlibs/rtpmac/RtGpShm.h:84,
                 from rticplc.c:13:
/usr/local/dtlibs/rtpmac/ecrt.h:837: error: expected declaration specifiers or '...' before 'size_t'
/usr/local/dtlibs/rtpmac/ecrt.h:856: error: expected declaration specifiers or '...' before 'size_t'
/usr/local/dtlibs/rtpmac/ecrt.h:875: error: expected declaration specifiers or '...' before 'size_t'
/usr/local/dtlibs/rtpmac/ecrt.h:876: error: expected declaration specifiers or '...' before 'size_t'
/usr/local/dtlibs/rtpmac/ecrt.h:894: error: expected declaration specifiers or '...' before 'size_t'
/usr/local/dtlibs/rtpmac/ecrt.h:914: error: expected declaration specifiers or '...' before 'size_t'
/usr/local/dtlibs/rtpmac/ecrt.h:915: error: expected declaration specifiers or '...' before 'size_t'
/usr/local/dtlibs/rtpmac/ecrt.h:980: error: expected declaration specifiers or '...' before 'size_t'
/usr/local/dtlibs/rtpmac/ecrt.h:1426: error: expected declaration specifiers or '...' before 'size_t'
/usr/local/dtlibs/rtpmac/ecrt.h:1497: error: expected declaration specifiers or '...' before 'size_t'
/usr/local/dtlibs/rtpmac/ecrt.h:1512: error: expected declaration specifiers or '...' before 'size_t'
/usr/local/dtlibs/rtpmac/ecrt.h:1566: error: expected declaration specifiers or '...' before 'size_t'
/usr/local/dtlibs/rtpmac/ecrt.h:1586: error: expected declaration specifiers or '...' before 'size_t'
/usr/local/dtlibs/rtpmac/ecrt.h:1605: error: expected declaration specifiers or '...' before 'size_t'
/usr/local/dtlibs/rtpmac/ecrt.h:1651: error: expected declaration specifiers or '...' before 'size_t'
/usr/local/dtlibs/rtpmac/ecrt.h:1679: error: expected '=', ',', ';', 'asm' or '__attribute__' before 'ecrt_domain_size'
/usr/local/dtlibs/rtpmac/ecrt.h:1819: error: expected '=', ',', ';', 'asm' or '__attribute__' before 'ecrt_sdo_request_data_size'
/usr/local/dtlibs/rtpmac/ecrt.h:1926: error: expected '=', ',', ';', 'asm' or '__attribute__' before 'ecrt_voe_handler_data_size'
/usr/local/dtlibs/rtpmac/ecrt.h:1938: error: expected declaration specifiers or '...' before 'size_t'
/usr/local/dtlibs/rtpmac/ecrt.h:2041: error: expected declaration specifiers or '...' before 'size_t'
/usr/local/dtlibs/rtpmac/ecrt.h:2055: error: expected declaration specifiers or '...' before 'size_t'
In file included from /usr/local/dtlibs/rtpmac/RtGpShm.h:84,
                 from rticplc.c:13:
/usr/local/dtlibs/rtpmac/ethercat.h:33: error: expected declaration specifiers or '...' before 'size_t'
/usr/local/dtlibs/rtpmac/ethercat.h:41: error: expected declaration specifiers or '...' before 'size_t'
/usr/local/dtlibs/rtpmac/ethercat.h:46: error: expected declaration specifiers or '...' before '*' token
/usr/local/dtlibs/rtpmac/ethercat.h:46: error: 'size_t' declared as function returning a function
/usr/local/dtlibs/rtpmac/ethercat.h:65: error: 'pecrt_sdo_request_data_size' declared as function returning a function
/usr/local/dtlibs/rtpmac/ethercat.h:69: error: 'pecrt_domain_size' declared as function returning a function
In file included from rticplc.c:15:
../../Libraries/ctrl/ctrl_step.h:1: error: stray '\357' in program
../../Libraries/ctrl/ctrl_step.h:1: error: stray '\273' in program
../../Libraries/ctrl/ctrl_step.h:1: error: stray '\277' in program
../../Libraries/ctrl/ctrl_step.h:1: error: stray '#' in program
../../Libraries/ctrl/ctrl_step.h:1: error: expected '=', ',', ';', 'asm' or '__attribute__' before 'CTRL_STEP'
In file included from rticplc.c:15:
../../Libraries/ctrl/ctrl_step.h:5:2: error: #endif without #if
../../Libraries/ctrl/ctrl_step.h:5:7: warning: no newline at end of file
In file included from rticplc.c:16:
../../Libraries/ctrl/ctrl_chirp.h:1: error: stray '\357' in program
../../Libraries/ctrl/ctrl_chirp.h:1: error: stray '\273' in program
../../Libraries/ctrl/ctrl_chirp.h:1: error: stray '\277' in program
../../Libraries/ctrl/ctrl_chirp.h:1: error: stray '#' in program
../../Libraries/ctrl/ctrl_chirp.h:1: error: expected '=', ',', ';', 'asm' or '__attribute__' before '_CTRL_IDENT_h'
In file included from rticplc.c:16:
../../Libraries/ctrl/ctrl_chirp.h:11:2: error: #endif without #if
../../Libraries/ctrl/ctrl_chirp.h:11:7: warning: no newline at end of file
In file included from rticplc.c:17:
../../Libraries/ctrl/ctrl_func.h:1: error: stray '\357' in program
../../Libraries/ctrl/ctrl_func.h:1: error: stray '\273' in program
../../Libraries/ctrl/ctrl_func.h:1: error: stray '\277' in program
In file included from rticplc.c:17:
../../Libraries/ctrl/ctrl_func.h:68:7: warning: no newline at end of file
In file included from rticplc.c:19:
rticplc.h:1: error: stray '\357' in program
rticplc.h:1: error: stray '\273' in program
rticplc.h:1: error: stray '\277' in program
rticplc.h:1: error: stray '#' in program
rticplc.h:1: error: expected '=', ',', ';', 'asm' or '__attribute__' before '_RTICPLC_H'
In file included from rticplc.c:19:
rticplc.h:7:2: error: #endif without #if
rticplc.h:7:7: warning: no newline at end of file
rticplc.c: In function 'realtimeinterrupt_plcc':
rticplc.c:80: error: 'counter' undeclared (first use in this function)
rticplc.c:80: error: (Each undeclared identifier is reported only once
rticplc.c:80: error: for each function it appears in.)
rticplc.c:196: warning: passing argument 2 of 'func_TF2Exe' from incompatible pointer type
rticplc.c:197: warning: passing argument 2 of 'func_TF2Exe' from incompatible pointer type
make: *** [rticplc.o] Error 1
